{"total": {"lines":{"total":74,"covered":72,"skipped":0,"pct":97.29},"statements":{"total":75,"covered":73,"skipped":0,"pct":97.33},"functions":{"total":10,"covered":10,"skipped":0,"pct":100},"branches":{"total":19,"covered":17,"skipped":0,"pct":89.47},"branchesTrue":{"total":0,"covered":0,"skipped":0,"pct":100}}
,"/Users/josevalerio/Documents/GitHub/plutomi/packages/shared/src/@types/emptyValues.ts": {"lines":{"total":3,"covered":3,"skipped":0,"pct":100},"functions":{"total":1,"covered":1,"skipped":0,"pct":100},"statements":{"total":3,"covered":3,"skipped":0,"pct":100},"branches":{"total":2,"covered":2,"skipped":0,"pct":100}}
,"/Users/josevalerio/Documents/GitHub/plutomi/packages/shared/src/@types/index.ts": {"lines":{"total":6,"covered":6,"skipped":0,"pct":100},"functions":{"total":0,"covered":0,"skipped":0,"pct":100},"statements":{"total":6,"covered":6,"skipped":0,"pct":100},"branches":{"total":0,"covered":0,"skipped":0,"pct":100}}
,"/Users/josevalerio/Documents/GitHub/plutomi/packages/shared/src/@types/indexableProperties.ts": {"lines":{"total":10,"covered":10,"skipped":0,"pct":100},"functions":{"total":1,"covered":1,"skipped":0,"pct":100},"statements":{"total":10,"covered":10,"skipped":0,"pct":100},"branches":{"total":2,"covered":2,"skipped":0,"pct":100}}
,"/Users/josevalerio/Documents/GitHub/plutomi/packages/shared/src/@types/sessionStatus.ts": {"lines":{"total":6,"covered":6,"skipped":0,"pct":100},"functions":{"total":1,"covered":1,"skipped":0,"pct":100},"statements":{"total":6,"covered":6,"skipped":0,"pct":100},"branches":{"total":2,"covered":2,"skipped":0,"pct":100}}
,"/Users/josevalerio/Documents/GitHub/plutomi/packages/shared/src/@types/entities/idPrefix.ts": {"lines":{"total":9,"covered":9,"skipped":0,"pct":100},"functions":{"total":1,"covered":1,"skipped":0,"pct":100},"statements":{"total":9,"covered":9,"skipped":0,"pct":100},"branches":{"total":2,"covered":2,"skipped":0,"pct":100}}
,"/Users/josevalerio/Documents/GitHub/plutomi/packages/shared/src/@types/entities/index.ts": {"lines":{"total":8,"covered":8,"skipped":0,"pct":100},"functions":{"total":0,"covered":0,"skipped":0,"pct":100},"statements":{"total":8,"covered":8,"skipped":0,"pct":100},"branches":{"total":0,"covered":0,"skipped":0,"pct":100}}
,"/Users/josevalerio/Documents/GitHub/plutomi/packages/shared/src/@types/entities/membership.ts": {"lines":{"total":7,"covered":7,"skipped":0,"pct":100},"functions":{"total":3,"covered":3,"skipped":0,"pct":100},"statements":{"total":7,"covered":7,"skipped":0,"pct":100},"branches":{"total":6,"covered":6,"skipped":0,"pct":100}}
,"/Users/josevalerio/Documents/GitHub/plutomi/packages/shared/src/@types/entities/totpCode.ts": {"lines":{"total":5,"covered":5,"skipped":0,"pct":100},"functions":{"total":1,"covered":1,"skipped":0,"pct":100},"statements":{"total":5,"covered":5,"skipped":0,"pct":100},"branches":{"total":2,"covered":2,"skipped":0,"pct":100}}
,"/Users/josevalerio/Documents/GitHub/plutomi/packages/shared/src/utils/generatePlutomiId/generatePlutomiId.ts": {"lines":{"total":20,"covered":18,"skipped":0,"pct":90},"functions":{"total":2,"covered":2,"skipped":0,"pct":100},"statements":{"total":21,"covered":19,"skipped":0,"pct":90.47},"branches":{"total":3,"covered":1,"skipped":0,"pct":33.33}}
}
